11:06:07.180: Token [6 -> 31]
11:06:18.947: Token [6 -> 31]
11:06:23.381: Token [6 -> 31]
11:48:26.191: Token [6 -> 31]
11:48:27.111: Token [6 -> 31]
12:06:11.348: Token [6 -> 0]
12:06:11.348: Token [6 -> 0]
12:06:11.351: Token [6 -> 0]
12:06:11.351: Token [6 -> 0]
12:06:11.354: Token [6 -> 0]
12:06:11.355: Token [6 -> 0]
12:06:11.357: Token [6 -> 0]
12:06:11.358: Token [6 -> 0]
12:06:11.359: Token [6 -> 0]
12:06:11.361: Token [6 -> 0]
12:06:11.362: Token [6 -> 0]
12:06:11.365: Token [6 -> 0]
12:06:11.368: Token [6 -> 0]
12:06:11.371: Token [6 -> 0]
12:06:11.371: Token [6 -> 0]
12:06:11.372: Token [6 -> 0]
12:06:11.375: Token [6 -> 0]
12:06:11.377: Token [6 -> 0]
12:06:11.378: Token [6 -> 0]
12:06:11.380: Token [6 -> 0]
12:06:11.381: Token [6 -> 0]
12:06:11.381: Token [6 -> 0]
12:06:11.382: Token [6 -> 0]
12:06:11.384: Token [6 -> 0]
12:06:11.387: Token [6 -> 0]
12:06:11.388: Token [6 -> 0]
12:06:11.391: Token [6 -> 0]
12:06:11.392: Token [6 -> 0]
12:06:11.394: Token [6 -> 0]
12:06:11.398: Token [6 -> 0]
12:06:11.400: Token [6 -> 0]
12:06:11.401: Token [6 -> 0]
12:06:11.404: Token [6 -> 0]
12:06:11.405: Token [6 -> 0]
12:06:11.407: Token [6 -> 0]
12:06:11.408: Token [6 -> 0]
12:13:35.736: Token [6 -> 2]
12:13:35.739: Token [6 -> 2]
12:13:35.740: Token [6 -> 2]
12:13:35.743: Token [6 -> 2]
12:13:35.746: Token [6 -> 2]
12:13:35.746: Token [6 -> 2]
12:13:35.747: Token [6 -> 2]
12:13:35.749: Token [6 -> 2]
12:13:35.750: Token [6 -> 2]
12:13:35.750: Token [6 -> 2]
12:13:35.752: Token [6 -> 2]
12:13:35.753: Token [6 -> 2]
12:13:35.753: Token [6 -> 2]
12:13:35.755: Token [6 -> 2]
12:13:35.756: Token [6 -> 2]
12:13:35.756: Token [6 -> 2]
12:13:35.757: Token [6 -> 2]
12:13:35.759: Token [6 -> 2]
12:13:35.759: Token [6 -> 2]
12:13:35.760: Token [6 -> 2]
12:13:35.762: Token [6 -> 2]
12:13:35.763: Token [6 -> 2]
12:13:35.763: Token [6 -> 2]
12:13:35.765: Token [6 -> 2]
12:13:35.766: Token [6 -> 2]
12:13:35.767: Token [6 -> 2]
12:13:35.773: Token [6 -> 2]
12:13:35.776: Token [6 -> 2]
12:13:35.776: Token [6 -> 2]
12:13:35.778: Token [6 -> 2]
12:13:35.779: Token [6 -> 2]
12:13:35.779: Token [6 -> 2]
12:13:35.780: Token [6 -> 2]
12:13:35.782: Token [6 -> 2]
12:13:35.782: Token [6 -> 2]
12:13:35.783: Token [6 -> 2]
12:13:35.785: Token [6 -> 2]
12:13:35.786: Token [6 -> 2]
12:13:35.786: Token [6 -> 2]
12:13:35.788: Token [6 -> 2]
12:13:35.789: Token [6 -> 2]
12:13:35.790: Token [6 -> 2]
12:13:35.792: Token [6 -> 2]
12:13:35.792: Token [6 -> 2]
12:13:35.793: Token [6 -> 2]
12:13:35.795: Token [6 -> 2]
12:13:35.796: Token [6 -> 2]
12:13:35.796: Token [6 -> 2]
12:13:35.798: Token [6 -> 2]
12:13:35.799: Token [6 -> 2]
12:13:35.799: Token [6 -> 2]
12:13:35.801: Token [6 -> 2]
12:13:35.802: Token [6 -> 2]
12:13:35.802: Token [6 -> 2]
12:13:35.803: Token [6 -> 2]
12:13:35.805: Token [6 -> 2]
12:13:35.806: Token [6 -> 2]
12:13:35.809: Token [6 -> 2]
12:13:35.812: Token [6 -> 2]
12:13:35.815: Token [6 -> 2]
12:13:35.816: Token [6 -> 2]
12:13:35.819: Token [6 -> 2]
12:13:35.822: Token [6 -> 2]
12:13:35.823: Token [6 -> 2]
12:13:35.825: Token [6 -> 2]
12:13:35.828: Token [6 -> 2]
12:13:35.828: Token [6 -> 2]
12:13:35.831: Token [6 -> 2]
12:13:35.832: Token [6 -> 2]
12:13:35.834: Token [6 -> 2]
12:13:35.835: Token [6 -> 2]
12:13:35.836: Token [6 -> 2]
12:13:35.838: Token [6 -> 2]
12:13:35.839: Token [6 -> 2]
12:13:35.842: Token [6 -> 2]
12:13:35.844: Token [6 -> 2]
12:13:35.845: Token [6 -> 2]
12:13:35.846: Token [6 -> 2]
12:13:35.848: Token [6 -> 2]
12:13:35.848: Token [6 -> 2]
12:13:35.851: Token [6 -> 2]
12:13:35.851: Token [6 -> 2]
12:13:35.852: Token [6 -> 2]
12:13:35.855: Token [6 -> 2]
12:13:35.855: Token [6 -> 2]
12:13:35.858: Token [6 -> 2]
12:13:35.858: Token [6 -> 2]
12:13:35.859: Token [6 -> 2]
12:13:35.861: Token [6 -> 2]
12:13:35.862: Token [6 -> 2]
12:13:35.864: Token [6 -> 2]
12:13:35.865: Token [6 -> 2]
12:13:35.867: Token [6 -> 2]
12:13:35.868: Token [6 -> 2]
12:13:35.868: Token [6 -> 2]
12:13:35.869: Token [6 -> 2]
12:13:35.871: Token [6 -> 2]
12:13:35.872: Token [6 -> 2]
12:13:35.874: Token [6 -> 2]
12:13:35.875: Token [6 -> 2]
12:13:35.877: Token [6 -> 0]
12:13:35.878: Token [6 -> 0]
12:13:35.878: Token [6 -> 0]
12:13:35.880: Token [6 -> 0]
12:13:35.881: Token [6 -> 0]
12:13:35.882: Token [6 -> 0]
12:13:35.884: Token [6 -> 0]
12:13:35.885: Token [6 -> 0]
12:13:35.887: Token [6 -> 0]
12:13:35.888: Token [6 -> 0]
12:13:35.888: Token [6 -> 0]
12:13:35.891: Token [6 -> 0]
12:13:35.891: Token [6 -> 0]
12:13:35.894: Token [6 -> 0]
12:13:35.895: Token [6 -> 0]
12:13:35.897: Token [6 -> 0]
12:13:35.898: Token [6 -> 0]
12:13:35.900: Token [6 -> 0]
12:13:35.901: Token [6 -> 0]
12:13:35.903: Token [6 -> 0]
12:13:35.904: Token [6 -> 0]
12:13:35.905: Token [6 -> 0]
12:13:35.907: Token [6 -> 0]
12:13:35.908: Token [6 -> 0]
12:13:35.911: Token [6 -> 0]
12:13:35.911: Token [6 -> 0]
12:13:35.913: Token [6 -> 0]
12:13:35.914: Token [6 -> 0]
12:13:35.915: Token [6 -> 0]
12:13:35.917: Token [6 -> 0]
12:13:35.921: Token [6 -> 0]
12:13:35.924: Token [6 -> 0]
12:13:35.927: Token [6 -> 0]
12:13:35.930: Token [6 -> 0]
12:13:35.931: Token [6 -> 0]
12:13:35.934: Token [6 -> 0]
12:13:35.936: Token [6 -> 0]
12:13:35.937: Token [6 -> 0]
12:13:35.938: Token [6 -> 0]
12:13:35.940: Token [6 -> 0]
12:13:35.941: Token [6 -> 0]
12:13:35.944: Token [6 -> 0]
12:13:35.944: Token [6 -> 0]
12:13:35.946: Token [6 -> 0]
12:13:35.947: Token [6 -> 0]
12:13:35.948: Token [6 -> 0]
12:13:35.950: Token [6 -> 0]
12:13:35.951: Token [6 -> 0]
12:13:35.953: Token [6 -> 0]
12:13:35.953: Token [6 -> 0]
12:13:35.956: Token [6 -> 0]
12:13:35.957: Token [6 -> 0]
12:13:35.957: Token [6 -> 0]
12:13:35.960: Token [6 -> 0]
12:13:35.960: Token [6 -> 0]
12:13:35.961: Token [6 -> 0]
12:13:35.963: Token [6 -> 0]
12:13:35.964: Token [6 -> 0]
12:13:35.966: Token [6 -> 0]
12:13:35.967: Token [6 -> 0]
12:13:35.969: Token [6 -> 0]
12:13:35.970: Token [6 -> 0]
12:13:35.970: Token [6 -> 0]
12:13:35.971: Token [6 -> 0]
12:13:35.973: Token [6 -> 0]
12:13:35.974: Token [6 -> 0]
12:13:35.976: Token [6 -> 0]
12:13:35.977: Token [6 -> 0]
12:13:35.979: Token [6 -> 0]
12:13:35.980: Token [6 -> 0]
12:13:35.980: Token [6 -> 0]
12:13:35.983: Token [6 -> 0]
12:13:35.983: Token [6 -> 0]
12:13:35.986: Token [6 -> 0]
12:13:35.986: Token [6 -> 0]
12:13:35.987: Token [6 -> 0]
12:13:35.989: Token [6 -> 0]
12:13:35.990: Token [6 -> 0]
12:13:35.992: Token [6 -> 0]
12:13:35.993: Token [6 -> 0]
12:13:35.994: Token [6 -> 0]
12:13:35.996: Token [6 -> 0]
12:13:35.997: Token [6 -> 0]
12:13:35.999: Token [6 -> 0]
12:13:36.000: Token [6 -> 0]
12:13:36.003: Token [6 -> 0]
12:13:36.003: Token [6 -> 0]
12:13:36.005: Token [6 -> 0]
12:13:36.006: Token [6 -> 0]
12:13:36.007: Token [6 -> 0]
12:13:36.009: Token [6 -> 0]
12:13:36.009: Token [6 -> 0]
12:13:36.012: Token [6 -> 0]
12:13:36.013: Token [6 -> 0]
12:13:36.013: Token [6 -> 0]
12:13:36.015: Token [6 -> 0]
12:13:36.016: Token [6 -> 0]
12:13:36.016: Token [6 -> 0]
12:13:36.017: Token [6 -> 0]
12:13:36.019: Token [6 -> 0]
12:13:36.019: Token [6 -> 0]
12:13:36.020: Token [6 -> 0]
12:13:36.022: Token [6 -> 0]
12:13:36.022: Token [6 -> 0]
12:13:36.023: Token [6 -> 0]
12:13:36.025: Token [6 -> 0]
12:13:36.026: Token [6 -> all]
12:13:36.026: Token [6 -> 12]
12:13:49.157: Token [6 -> 22]
12:17:30.051: Ack [ -> all]
12:17:30.052: Token [6 -> all]
12:17:30.053: Token [6 -> 28]
12:17:30.055: Token [6 -> all]
12:17:30.056: Token [6 -> all]
12:17:30.058: Ack [ -> all]
12:17:30.059: Token [6 -> all]
12:17:30.059: Token [6 -> 9]
12:20:47.427: Token [6 -> 31]
12:20:57.868: Token [6 -> 31]
12:21:28.165: Token [9 -> 31]
12:21:34.490: Token [9 -> 31]
12:22:08.668: Token [9 -> 31]
12:22:08.671: Token [6 -> 31]
12:22:11.664: Token [9 -> 31]
12:22:11.665: Token [6 -> 31]
12:29:56.193: Token [9 -> 31]
12:29:56.194: Token [6 -> 31]
12:30:02.855: Token [9 -> 31]
12:30:02.858: Token [6 -> 31]
12:30:08.716: Token [9 -> 31]
12:30:08.717: Token [6 -> 31]
12:30:16.963: Token [9 -> 31]
12:30:16.964: Token [6 -> 31]
12:30:21.831: Token [9 -> 31]
12:30:21.832: Token [6 -> 31]
13:06:06.548: Ack [ -> all]
13:06:06.549: Ack [ -> all]
13:06:06.551: Ack [ -> all]
13:06:06.552: Ack [ -> all]
13:06:11.076: Token [9 -> 0]
13:06:11.078: Token [9 -> 0]
13:06:11.079: Token [9 -> 0]
13:06:11.081: Token [9 -> 0]
13:06:11.082: Token [9 -> 0]
13:06:11.084: Token [9 -> 0]
13:06:11.085: Token [9 -> 0]
13:06:11.088: Token [9 -> 0]
13:06:11.088: Token [9 -> 0]
13:06:11.089: Token [9 -> 0]
13:06:11.092: Token [9 -> 0]
13:06:11.092: Token [9 -> 0]
13:06:11.094: Token [9 -> 0]
13:06:11.095: Token [9 -> 0]
13:06:11.095: Token [9 -> 0]
13:06:11.096: Token [9 -> 0]
13:06:11.098: Token [9 -> 0]
13:06:11.098: Token [9 -> 0]
13:06:11.099: Token [9 -> 30]
13:06:11.101: Token [9 -> 30]
13:06:11.101: Token [9 -> 30]
13:06:11.102: Token [9 -> 30]
13:06:11.104: Token [9 -> 30]
13:06:11.105: Token [9 -> 30]
13:06:11.107: Token [9 -> 30]
13:06:11.108: Token [9 -> 30]
13:06:11.108: Token [9 -> 30]
13:06:11.109: Token [9 -> 30]
13:06:11.111: Token [9 -> 30]
13:06:11.111: Token [9 -> 30]
13:06:11.112: Token [9 -> 30]
13:06:11.114: Token [9 -> 30]
13:06:11.115: Token [9 -> 30]
13:06:11.115: Token [9 -> 30]
13:06:11.117: Token [9 -> 30]
13:06:11.118: Token [9 -> 30]
13:06:11.118: Token [9 -> 30]
13:06:11.119: Token [9 -> 30]
13:06:11.121: Token [9 -> 30]
13:06:11.121: Token [9 -> 30]
13:06:11.128: Token [9 -> 30]
13:06:11.130: Token [9 -> 30]
13:06:11.131: Token [9 -> 30]
13:06:11.131: Token [9 -> 30]
13:06:11.132: Token [9 -> 30]
13:06:11.134: Token [9 -> 30]
13:06:11.134: Token [9 -> 30]
13:06:11.135: Token [9 -> 30]
13:06:11.138: Token [9 -> 30]
13:06:11.138: Token [9 -> 30]
13:06:11.140: Token [9 -> 30]
13:06:11.141: Token [9 -> 30]
13:06:11.141: Token [9 -> 30]
13:06:11.142: Token [9 -> 30]
13:06:11.144: Token [9 -> 30]
13:06:11.145: Token [9 -> 30]
13:06:11.148: Token [9 -> 30]
13:06:11.151: Token [9 -> 30]
13:06:11.153: Token [9 -> 30]
13:06:11.154: Token [9 -> 30]
13:06:11.157: Token [9 -> 30]
13:06:11.158: Token [9 -> 30]
13:06:11.161: Token [9 -> 30]
13:06:11.161: Token [9 -> 30]
13:06:11.164: Token [9 -> 30]
13:06:11.165: Token [9 -> 30]
13:06:11.167: Token [9 -> 30]
13:06:11.168: Token [9 -> 30]
13:06:11.170: Token [9 -> 30]
13:06:11.171: Token [9 -> 30]
13:06:11.174: Token [9 -> 30]
13:06:11.174: Token [9 -> 30]
13:06:11.177: Token [9 -> 30]
13:06:11.178: Token [9 -> 30]
13:06:11.180: Token [6 -> 27]
13:06:11.181: Token [6 -> 27]
13:06:11.183: Token [6 -> 27]
13:06:11.184: Token [6 -> 27]
13:06:11.186: Token [6 -> 27]
13:06:11.187: Token [6 -> 27]
13:06:11.188: Token [6 -> 27]
13:06:11.190: Token [6 -> 27]
13:06:11.190: Token [6 -> 27]
13:06:11.193: Token [6 -> 27]
13:06:11.194: Token [6 -> 27]
13:06:11.194: Token [6 -> 27]
13:06:11.197: Token [6 -> 27]
13:06:11.197: Token [6 -> 27]
13:06:11.198: Token [6 -> 27]
13:06:11.200: Token [6 -> 27]
13:06:11.201: Token [6 -> 27]
13:06:11.203: Token [6 -> 0]
13:06:11.204: Token [6 -> 0]
13:06:11.206: Token [6 -> 0]
13:06:11.207: Token [6 -> 0]
13:06:11.209: Token [6 -> 0]
13:06:11.210: Token [6 -> 0]
13:06:11.211: Token [6 -> 0]
13:06:11.213: Token [6 -> 0]
13:06:11.213: Token [6 -> 0]
13:06:11.214: Token [6 -> 0]
13:06:11.217: Token [6 -> 0]
13:06:11.217: Token [6 -> 0]
13:06:11.220: Token [6 -> 0]
13:06:11.220: Token [6 -> 0]
13:06:11.221: Token [6 -> 0]
13:06:11.223: Token [6 -> 0]
13:06:11.224: Token [6 -> 0]
13:06:11.226: Token [6 -> 0]
13:06:11.227: Token [6 -> 0]
13:06:11.229: Token [6 -> 0]
13:06:11.230: Token [6 -> 0]
13:06:11.394: Token [6 -> 0]
13:06:21.940: Token [6 -> 0]
13:06:21.941: Token [6 -> 0]
13:06:21.943: Token [6 -> 0]
13:06:21.944: Token [6 -> 0]
13:06:21.946: Token [6 -> 0]
13:06:21.948: Token [6 -> 0]
13:06:21.950: Token [6 -> 0]
13:06:21.951: Token [6 -> 0]
13:06:21.953: Token [6 -> 0]
13:06:22.339: Token [6 -> 0]
13:06:32.841: Token [6 -> 0]
13:06:32.842: Token [6 -> 0]
13:06:32.844: Token [6 -> 0]
13:06:32.845: Token [6 -> 0]
13:06:32.846: Token [6 -> 0]
13:06:32.848: Token [6 -> 0]
13:06:32.849: Token [6 -> 0]
13:06:32.851: Token [6 -> 0]
13:06:32.851: Token [6 -> 0]
13:06:32.852: Token [6 -> 0]
13:06:32.854: Token [6 -> 0]
13:06:32.861: Token [6 -> 0]
13:06:33.503: Token [6 -> 0]
13:06:38.651: Token [6 -> 0]
13:06:38.654: Token [6 -> 0]
13:06:38.655: Token [6 -> 0]
13:06:38.657: Token [6 -> 0]
13:06:38.658: Token [6 -> 0]
13:06:38.661: Token [6 -> 0]
13:06:43.434: Token [6 -> 0]
13:06:43.436: Token [6 -> 0]
13:06:43.437: Token [6 -> 0]
13:06:43.438: Token [6 -> 0]
13:06:45.427: Token [6 -> 0]
13:06:46.134: Token [6 -> 0]
13:09:53.730: Token [6 -> 0]
13:09:53.730: Token [6 -> 0]
13:09:53.733: Token [6 -> 0]
13:09:53.733: Token [6 -> 0]
13:09:53.734: Token [6 -> 0]
13:09:53.736: Token [6 -> 0]
13:09:53.736: Token [6 -> 0]
13:09:53.737: Token [6 -> 0]
13:09:53.739: Token [6 -> 9]
13:09:53.740: Token [6 -> 9]
13:09:53.740: Token [6 -> 9]
13:09:53.742: Token [6 -> 9]
13:09:53.743: Token [6 -> 9]
13:09:53.746: Token [6 -> 9]
13:09:53.750: Token [6 -> 9]
13:09:53.752: Token [6 -> 9]
13:09:53.753: Token [6 -> 9]
13:09:53.756: Token [6 -> 9]
13:09:53.759: Token [6 -> 9]
13:09:53.762: Token [6 -> 9]
13:09:53.763: Token [6 -> 9]
13:09:53.770: Token [6 -> 9]
13:09:53.773: Token [6 -> 9]
13:09:53.776: Token [6 -> 9]
13:09:53.778: Token [6 -> 9]
13:09:53.779: Token [6 -> 9]
13:09:53.780: Token [6 -> 9]
13:09:53.782: Token [6 -> 9]
13:09:53.785: Token [6 -> 9]
13:09:53.786: Token [6 -> 9]
13:09:53.788: Token [6 -> 9]
13:09:53.789: Token [6 -> 9]
13:09:53.792: Token [6 -> 9]
13:09:53.793: Token [6 -> 9]
13:09:53.796: Token [6 -> 9]
13:09:53.796: Token [6 -> 9]
13:09:53.799: Token [6 -> 9]
13:09:53.802: Token [6 -> 9]
13:09:53.805: Token [6 -> 9]
13:09:53.808: Token [6 -> 9]
13:09:53.809: Token [6 -> 9]
13:09:53.812: Token [6 -> 9]
13:09:53.815: Token [6 -> 9]
13:09:53.818: Token [6 -> 9]
13:09:53.819: Token [6 -> 9]
13:09:53.822: Token [6 -> 9]
13:09:53.825: Token [6 -> 9]
13:09:53.826: Token [6 -> 9]
13:09:53.828: Token [6 -> 9]
13:09:53.831: Token [6 -> 9]
13:09:53.832: Token [6 -> 9]
13:09:53.835: Token [6 -> 9]
13:09:53.836: Token [6 -> 9]
13:09:53.838: Token [6 -> 9]
13:09:53.841: Token [6 -> 9]
13:09:53.842: Token [6 -> 9]
13:09:53.842: Token [6 -> 9]
13:09:53.845: Token [6 -> 9]
13:09:53.846: Token [6 -> 9]
13:09:53.849: Token [6 -> 9]
13:09:53.851: Token [6 -> 9]
13:09:53.854: Token [6 -> 9]
13:09:53.855: Token [6 -> 9]
13:09:53.855: Token [6 -> 9]
13:09:53.857: Token [6 -> 9]
13:09:53.858: Token [6 -> 9]
13:09:53.859: Token [6 -> 9]
13:09:53.861: Token [6 -> 9]
13:09:53.861: Token [6 -> 9]
13:09:53.862: Token [6 -> 9]
13:09:53.865: Token [6 -> 9]
13:09:53.865: Token [6 -> 9]
13:09:53.867: Token [6 -> 9]
13:09:53.868: Token [6 -> 9]
13:09:53.869: Token [6 -> 9]
13:09:53.871: Token [6 -> 9]
13:09:53.871: Token [6 -> 9]
13:09:53.872: Token [6 -> 9]
13:09:53.874: Token [6 -> 9]
13:09:53.875: Token [6 -> 9]
13:09:53.875: Token [6 -> 9]
13:09:53.878: Token [6 -> 9]
13:09:53.878: Token [6 -> 9]
13:09:53.882: Token [6 -> 9]
13:09:53.887: Token [6 -> 9]
13:09:53.888: Token [6 -> 9]
13:09:53.892: Token [6 -> 9]
13:09:53.895: Token [6 -> 9]
13:09:53.898: Token [6 -> 9]
13:09:53.900: Token [6 -> 9]
13:09:53.903: Token [6 -> 9]
13:09:53.905: Token [6 -> 9]
13:09:53.907: Token [6 -> 9]
13:09:53.907: Token [6 -> 9]
13:09:53.908: Token [6 -> 9]
13:09:53.911: Token [6 -> 9]
13:09:53.911: Token [6 -> 9]
13:09:53.913: Token [6 -> 9]
13:09:53.914: Token [6 -> 9]
13:09:53.915: Token [6 -> 9]
13:09:53.917: Token [6 -> 9]
13:09:53.918: Token [6 -> 9]
13:09:53.921: Token [6 -> 9]
13:09:53.921: Token [6 -> 9]
13:09:53.923: Token [6 -> 9]
13:09:53.924: Token [6 -> 9]
13:09:53.926: Token [6 -> 9]
13:09:53.927: Token [6 -> 9]
13:09:53.928: Token [6 -> 9]
13:11:24.625: Token [9 -> 6]
13:11:24.627: Token [6 -> 9]
13:51:37.484: Token [9 -> 29]
13:51:37.486: Token [9 -> all]
13:51:37.487: Token [6 -> 9]
13:51:37.489: Token [9 -> all]
13:51:37.490: Token [6 -> 9]
13:51:37.490: Token [9 -> all]
13:51:37.492: Token [6 -> 9]
13:51:37.493: Token [9 -> 6]
13:51:37.493: Token [6 -> 9]
13:51:37.494: Token [9 -> 6]
13:51:37.496: Token [6 -> 9]
13:51:37.496: Token [9 -> 6]
13:51:37.497: Token [6 -> 9]
13:51:37.499: Token [9 -> 6]
13:51:37.500: Token [6 -> 9]
13:51:37.500: Token [9 -> 6]
13:51:37.502: Token [6 -> 9]
13:51:37.503: Token [9 -> 6]
13:51:37.503: Token [6 -> 9]
13:51:37.506: Token [9 -> 6]
13:51:37.506: Token [6 -> 9]
13:51:37.507: Token [9 -> 6]
13:51:37.509: Token [6 -> 9]
13:51:37.509: Token [9 -> 6]
13:51:37.510: Token [6 -> 9]
13:51:37.512: Token [9 -> 6]
13:51:37.513: Token [6 -> 9]
13:51:37.517: Token [9 -> 6]
13:51:37.525: Token [6 -> 9]
13:51:37.526: Token [9 -> 6]
13:51:37.528: Token [6 -> 9]
13:51:37.529: Token [9 -> 6]
13:51:37.529: Token [6 -> 9]
13:51:37.530: Token [9 -> 6]
13:51:37.532: Token [6 -> 9]
13:51:37.532: Token [9 -> 6]
13:51:37.533: Token [6 -> 9]
13:51:37.535: Token [9 -> 6]
13:51:37.536: Token [6 -> 9]
13:51:37.536: Token [9 -> 6]
13:51:37.538: Token [6 -> 9]
13:51:37.539: Token [9 -> 6]
13:51:37.539: Token [6 -> 9]
13:51:37.542: Token [9 -> 6]
13:51:37.542: Token [6 -> 9]
13:51:37.543: Token [9 -> 6]
13:51:37.546: Token [6 -> 9]
13:51:37.548: Token [9 -> 6]
13:51:37.549: Token [6 -> 9]
13:51:37.552: Token [9 -> 6]
13:51:37.553: Token [6 -> 9]
13:51:37.556: Token [9 -> 6]
13:51:37.559: Token [6 -> 9]
13:51:37.561: Token [9 -> 6]
13:51:37.562: Token [6 -> 9]
13:51:37.565: Token [9 -> 6]
13:51:37.565: Token [6 -> 9]
13:51:37.568: Token [9 -> 6]
13:51:37.569: Token [6 -> 9]
13:51:37.571: Token [9 -> 6]
13:51:37.572: Token [6 -> 9]
13:51:37.573: Token [9 -> 6]
13:51:37.575: Token [6 -> 9]
13:51:37.576: Token [9 -> 6]
13:51:37.578: Token [6 -> 9]
13:51:37.581: Token [9 -> 6]
13:51:37.582: Token [6 -> 9]
13:51:37.584: Token [9 -> 6]
13:51:37.585: Token [6 -> 9]
13:51:37.585: Token [9 -> 6]
13:51:37.588: Token [6 -> 9]
13:51:37.588: Token [9 -> 6]
13:51:37.589: Token [6 -> 9]
13:51:37.591: Token [9 -> 6]
13:51:37.592: Token [6 -> 9]
13:51:37.594: Token [9 -> 6]
13:51:37.595: Token [6 -> 9]
13:51:37.596: Token [9 -> 6]
13:51:37.598: Token [6 -> 9]
13:51:37.599: Token [9 -> 6]
13:51:37.601: Token [6 -> 9]
13:51:37.601: Token [9 -> 6]
13:51:37.604: Token [6 -> 9]
13:51:37.605: Token [9 -> 6]
13:51:37.605: Token [6 -> 9]
13:51:37.607: Token [9 -> 6]
13:51:37.608: Token [6 -> 9]
13:51:37.609: Token [9 -> 6]
13:51:37.611: Token [6 -> 9]
13:51:37.612: Token [9 -> 6]
13:51:37.614: Token [6 -> 9]
13:51:37.615: Token [9 -> 6]
13:51:37.617: Token [6 -> 9]
13:51:37.618: Token [9 -> 6]
13:51:37.619: Token [6 -> 9]
13:51:37.621: Token [9 -> 6]
13:51:37.621: Token [6 -> 9]
13:51:37.624: Token [9 -> 6]
13:51:37.625: Token [6 -> 9]
13:51:37.625: Token [9 -> 6]
13:51:37.627: Token [6 -> 9]
13:51:37.628: Token [9 -> 6]
13:51:37.628: Token [6 -> 9]
13:51:37.631: Token [9 -> 6]
13:51:37.634: Token [6 -> 9]
13:51:37.635: Token [9 -> 6]
13:51:37.638: Token [6 -> 9]
13:51:37.640: Token [9 -> 6]
13:51:37.641: Token [6 -> 9]
13:51:37.644: Token [9 -> 6]
13:51:37.647: Token [6 -> 9]
13:51:37.648: Token [9 -> 6]
13:51:37.651: Token [6 -> 9]
13:51:37.653: Token [9 -> 6]
13:51:37.654: Token [6 -> 9]
13:51:37.655: Token [9 -> 6]
13:51:37.657: Token [6 -> 9]
13:51:37.657: Token [9 -> 6]
13:51:37.658: Token [6 -> 9]
13:51:37.661: Token [9 -> 6]
13:51:37.661: Token [6 -> 9]
13:51:37.663: Token [9 -> 6]
13:51:37.664: Token [6 -> 9]
13:51:37.665: Token [9 -> 6]
13:51:37.667: Token [6 -> 9]
13:51:37.668: Token [9 -> 6]
13:51:37.670: Token [6 -> 9]
13:51:37.671: Token [9 -> 6]
13:51:37.671: Token [6 -> 9]
13:51:37.673: Token [9 -> 6]
13:51:37.674: Token [6 -> 9]
13:51:37.676: Token [9 -> 6]
13:51:37.677: Token [6 -> 9]
13:51:37.678: Token [9 -> 6]
13:51:37.680: Token [6 -> 9]
13:51:37.683: Token [9 -> 6]
13:51:37.684: Token [6 -> 9]
13:51:37.684: Token [9 -> 6]
13:51:37.686: Token [6 -> 9]
13:51:37.687: Token [9 -> 6]
13:51:37.687: Token [6 -> 9]
13:51:37.688: Token [9 -> 6]
13:51:37.690: Token [6 -> 9]
13:51:37.691: Token [9 -> 6]
13:51:37.693: Token [6 -> 9]
13:51:37.694: Token [9 -> 6]
13:51:37.696: Token [6 -> 9]
13:51:37.697: Token [9 -> 6]
13:51:37.697: Token [6 -> 9]
13:51:37.700: Token [9 -> 6]
13:51:37.700: Token [6 -> 9]
13:51:37.703: Token [9 -> 6]
13:51:37.704: Token [6 -> 9]
13:51:37.707: Token [9 -> 6]
13:51:37.707: Token [6 -> 9]
13:51:37.709: Token [9 -> 6]
13:51:37.710: Token [6 -> 9]
13:51:37.711: Token [9 -> 6]
13:51:37.713: Token [6 -> 9]
13:51:37.714: Token [9 -> 6]
13:51:37.716: Token [6 -> 9]
13:51:37.717: Token [9 -> 6]
13:51:37.719: Token [6 -> 9]
13:51:37.720: Token [9 -> 6]
13:51:37.720: Token [6 -> 9]
13:51:37.721: Token [9 -> 6]
13:51:37.723: Token [6 -> 9]
13:51:37.724: Token [9 -> 6]
13:51:37.726: Token [6 -> 9]
13:51:37.727: Token [9 -> 6]
13:51:37.729: Token [6 -> 9]
13:51:37.730: Token [9 -> 6]
13:51:37.732: Token [6 -> 9]
13:51:37.733: Token [9 -> 6]
13:51:37.733: Token [6 -> 9]
13:51:37.734: Token [9 -> 6]
13:51:37.736: Token [6 -> 9]
13:51:37.737: Token [9 -> 6]
13:51:37.739: Token [6 -> 9]
13:51:37.740: Token [9 -> 6]
13:51:37.742: Token [6 -> 9]
13:51:37.743: Token [9 -> 6]
13:51:37.744: Token [6 -> 9]
13:51:37.746: Token [9 -> 6]
13:51:37.747: Token [6 -> 9]
13:51:37.749: Token [9 -> 6]
13:51:37.750: Token [6 -> 9]
13:51:37.752: Token [9 -> 6]
13:51:37.753: Token [6 -> 9]
13:51:37.755: Token [9 -> 6]
13:51:37.756: Token [6 -> 9]
13:51:37.756: Token [9 -> 6]
13:51:37.757: Token [6 -> 9]
13:51:37.759: Token [9 -> 6]
13:51:37.760: Token [6 -> 9]
13:51:37.762: Token [9 -> 6]
13:51:37.763: Token [6 -> 9]
13:51:37.765: Token [9 -> 6]
13:51:37.766: Token [6 -> 9]
13:51:37.767: Token [9 -> 6]
13:51:37.769: Token [6 -> 9]
13:51:37.769: Token [9 -> 6]
13:51:37.770: Token [6 -> 9]
13:51:37.773: Token [9 -> 6]
13:51:37.773: Token [6 -> 9]
13:51:37.775: Token [9 -> 6]
13:51:37.776: Token [6 -> 9]
13:51:37.778: Token [9 -> 6]
13:51:37.779: Token [6 -> 9]
13:51:37.779: Token [9 -> 6]
13:51:37.782: Token [6 -> 9]
13:51:37.782: Token [9 -> 6]
13:51:37.783: Token [6 -> 9]
13:51:37.785: Token [9 -> 6]
13:51:37.786: Token [6 -> 9]
13:51:37.788: Token [9 -> 6]
13:51:37.789: Token [6 -> 9]
13:51:37.790: Token [9 -> 6]
13:51:37.792: Token [6 -> 9]
13:51:37.793: Token [9 -> 6]
13:51:37.795: Token [6 -> 9]
13:51:37.796: Token [9 -> 6]
13:51:37.798: Token [6 -> 9]
13:51:37.799: Token [9 -> 6]
13:51:37.801: Token [6 -> 9]
13:51:37.802: Token [9 -> 6]
13:51:37.803: Token [6 -> 9]
13:51:37.805: Token [9 -> 6]
13:51:37.806: Token [6 -> 9]
13:51:37.808: Token [9 -> 6]
13:51:37.809: Token [6 -> 9]
13:51:37.811: Token [9 -> 6]
13:51:37.812: Token [6 -> 9]
13:51:37.813: Token [9 -> 6]
13:51:37.815: Token [6 -> 9]
13:51:37.816: Token [9 -> 6]
13:51:37.818: Token [6 -> 9]
13:51:37.819: Token [9 -> 6]
13:51:37.821: Token [6 -> 9]
13:51:37.822: Token [9 -> 6]
13:51:37.823: Token [6 -> 9]
13:51:37.825: Token [9 -> 6]
13:51:37.826: Token [6 -> 9]
13:51:37.828: Token [9 -> 6]
13:51:37.829: Token [6 -> 9]
13:51:37.831: Token [9 -> 6]
13:51:37.832: Token [6 -> 9]
13:51:37.834: Token [9 -> 6]
13:51:37.835: Token [6 -> 9]
13:51:37.838: Token [9 -> 6]
13:51:37.841: Token [6 -> 9]
13:51:37.844: Token [9 -> 6]
13:51:37.846: Token [6 -> 9]
13:51:37.849: Token [9 -> 6]
13:51:37.851: Token [6 -> 9]
13:51:37.852: Token [9 -> 6]
13:51:37.854: Token [6 -> 9]
13:51:37.855: Token [9 -> 6]
13:51:37.855: Token [6 -> 9]
13:51:37.857: Token [9 -> 6]
13:51:37.858: Token [6 -> 9]
13:51:37.858: Token [9 -> 6]
13:51:37.859: Token [6 -> 9]
13:51:37.861: Token [9 -> 6]
13:51:37.861: Token [6 -> 9]
13:51:37.862: Token [9 -> 6]
13:51:37.864: Token [6 -> 9]
13:51:37.865: Token [9 -> 6]
13:51:37.867: Token [6 -> 9]
13:51:37.868: Token [9 -> 6]
13:51:37.869: Token [6 -> 9]
13:51:37.871: Token [9 -> 6]
13:51:37.871: Token [6 -> 9]
13:51:37.872: Token [9 -> 6]
13:51:37.875: Token [6 -> 9]
13:51:37.875: Token [9 -> 6]
13:51:37.878: Token [6 -> 9]
13:51:37.878: Token [9 -> 6]
13:51:37.881: Token [6 -> 9]
13:51:37.881: Token [9 -> 6]
13:51:37.884: Token [6 -> 9]
13:51:37.884: Token [9 -> 6]
13:51:37.885: Token [6 -> 9]
13:51:37.888: Token [9 -> 6]
13:51:37.888: Token [6 -> 9]
13:51:37.890: Token [9 -> 6]
13:51:37.891: Token [6 -> 9]
13:51:37.891: Token [9 -> 6]
13:51:37.892: Token [6 -> 9]
13:51:37.894: Token [9 -> 6]
13:51:37.894: Token [6 -> 9]
13:51:37.895: Token [9 -> 6]
13:51:37.897: Token [6 -> 9]
13:51:37.898: Token [9 -> 6]
13:51:37.898: Token [6 -> 9]
13:51:37.900: Token [9 -> 6]
13:51:37.901: Token [6 -> 9]
13:51:37.901: Token [9 -> 6]
13:51:37.903: Token [6 -> 9]
13:51:37.904: Token [9 -> 6]
13:51:37.905: Token [6 -> 9]
13:51:37.905: Token [9 -> 6]
13:51:37.907: Token [6 -> 9]
13:51:37.907: Token [9 -> 6]
13:51:37.910: Token [6 -> 9]
13:51:37.911: Token [9 -> 6]
13:51:37.911: Token [6 -> 9]
13:51:37.913: Token [9 -> 6]
13:51:37.914: Token [6 -> 9]
13:51:37.914: Token [9 -> 6]
13:51:37.915: Token [6 -> 9]
13:54:03.033:        id: 31
13:54:03.035:     group: 100
13:54:03.035: frequency: 868 MHz
13:54:03.036:   collect: True
13:54:03.038:    offset: 1600
13:54:03.039:     quiet: True
13:54:03.040:    format: hex
13:54:25.036:        id: 31
13:54:25.038:     group: 100
13:54:25.039: frequency: 868 MHz
13:54:25.039:   collect: True
13:54:25.040:    offset: 1600
13:54:25.042:     quiet: True
13:54:25.043:    format: hex
